MPASM 5.77  /HOME/CHR97/MPLABXPROJECTS/PRUEB   8-23-2018  20:24:26         PAGE  1


LOC  OBJECT CODE     LINE SOURCE TEXT
  VALUE

Warning[205]: Found directive in column 1. (list)
                      00001 list p =16f84a
                      00002 #include <p16f84a.inc>
                      00001         LIST
                      00002 
                      00003 ;==========================================================================
                      00004 ; Build date : Nov 22 2017
                      00005 ;  MPASM PIC16F84A processor include
                      00006 ; 
                      00007 ;  (c) Copyright 1999-2017 Microchip Technology, All rights reserved
                      00008 ;==========================================================================
                      00009 
                      00209         LIST
                      00003         org             0x00
0000   2???           00004         goto            inicio
                      00005         org                     0x05
Warning[207]: Found label after column 1. (contador)
  000000FF            00006         contador        EQU 0xff
0005                  00007 inicio:                                         ;configurar los registros
0005   1683           00008         bsf                     STATUS, RP0     ;salto al banco1
Message[302]: Register in operand not in bank 0.  Ensure that bank bits are correct.
0006   0186           00009         clrf            TRISB           ;tirsb=0
0007   1283           00010         bcf                     STATUS, RP0     ;salto al banco0
0008   0186           00011         clrf            PORTB           ; PORTB = 0
0009                  00012 bascular:
0009   1806           00013         btfsc           PORTB, 0        ;SI PORTB.RB0==0 SALTA LA INSTRUCCION
000A   2???           00014         goto            apagar          ;salta a apagar en caso de portb ==1
000B   1406           00015         bsf             PORTB, 0        ;PORTB.RB0 = 1
000C   2???           00016         goto            retardo         ;salta a la etiqueta retardo
000D                  00017 apagar:
000D   1006           00018         bcf                     PORTB, 0        ;PORTB.RB0 = 0
000E                  00019 retardo:
Warning[219]: Invalid RAM location specified.
Message[302]: Register in operand not in bank 0.  Ensure that bank bits are correct.
000E   0BFF           00020         decfsz          contador,1      ;contador-- slta al llegar a cero
000F   2???           00021         goto            retardo         ;vuelve ciclicamente a retardo
0010   30FF           00022         movlw           0xFF            ;w= 0xFF
Warning[219]: Invalid RAM location specified.
Message[302]: Register in operand not in bank 0.  Ensure that bank bits are correct.
0011   00FF           00023         movwf           contador        ; contador = w
0012   2???           00024         goto            bascular        ;salta ciclicamente a bascular
                      00025         end 
MPASM 5.77  /HOME/CHR97/MPLABXPROJECTS/PRUEB   8-23-2018  20:24:26         PAGE  2


SYMBOL TABLE
  LABEL                             VALUE 

C                                 00000000
DC                                00000001
EEADR                             00000009
EECON1                            00000088
EECON2                            00000089
EEDATA                            00000008
EEIE                              00000006
EEIF                              00000004
F                                 00000001
FSR                               00000004
GIE                               00000007
INDF                              00000000
INTCON                            0000000B
INTE                              00000004
INTEDG                            00000006
INTF                              00000001
IRP                               00000007
NOT_PD                            00000003
NOT_RBPU                          00000007
NOT_TO                            00000004
OPTION_REG                        00000081
PCL                               00000002
PCLATH                            0000000A
PORTA                             00000005
PORTB                             00000006
PS0                               00000000
PS1                               00000001
PS2                               00000002
PSA                               00000003
RA0                               00000000
RA1                               00000001
RA2                               00000002
RA3                               00000003
RA4                               00000004
RB0                               00000000
RB1                               00000001
RB2                               00000002
RB3                               00000003
RB4                               00000004
RB5                               00000005
RB6                               00000006
RB7                               00000007
RBIE                              00000003
RBIF                              00000000
RD                                00000000
RP0                               00000005
RP1                               00000006
STATUS                            00000003
T0CS                              00000005
T0IE                              00000005
T0IF                              00000002
T0SE                              00000004
TMR0                              00000001
MPASM 5.77  /HOME/CHR97/MPLABXPROJECTS/PRUEB   8-23-2018  20:24:26         PAGE  3


SYMBOL TABLE
  LABEL                             VALUE 

TMR0IE                            00000005
TMR0IF                            00000002
TRISA                             00000085
TRISA0                            00000000
TRISA1                            00000001
TRISA2                            00000002
TRISA3                            00000003
TRISA4                            00000004
TRISB                             00000086
TRISB0                            00000000
TRISB1                            00000001
TRISB2                            00000002
TRISB3                            00000003
TRISB4                            00000004
TRISB5                            00000005
TRISB6                            00000006
TRISB7                            00000007
W                                 00000000
WR                                00000001
WREN                              00000002
WRERR                             00000003
Z                                 00000002
_CONFIG                           00002007
_CP_OFF                           00003FFF
_CP_ON                            0000000F
_DEVID1                           00002006
_FOSC_EXTRC                       00003FFF
_FOSC_HS                          00003FFE
_FOSC_LP                          00003FFC
_FOSC_XT                          00003FFD
_HS_OSC                           00003FFE
_IDLOC0                           00002000
_IDLOC1                           00002001
_IDLOC2                           00002002
_IDLOC3                           00002003
_LP_OSC                           00003FFC
_PWRTE_OFF                        00003FFF
_PWRTE_ON                         00003FF7
_RC_OSC                           00003FFF
_WDTE_OFF                         00003FFB
_WDTE_ON                          00003FFF
_WDT_OFF                          00003FFB
_WDT_ON                           00003FFF
_XT_OSC                           00003FFD
__16F84A                          00000001
apagar                            0000000D
bascular                          00000009
contador                          000000FF
inicio                            00000005
retardo                           0000000E

MPASM 5.77  /HOME/CHR97/MPLABXPROJECTS/PRUEB   8-23-2018  20:24:26         PAGE  4





Errors   :     0
Warnings :     4 reported,     0 suppressed
Messages :     3 reported,     0 suppressed

